\BOOKMARK [0][-]{chapter.1}{\376\377\000\332\000v\000o\000d}{}% 1
\BOOKMARK [0][-]{chapter.2}{\376\377\000T\000e\000o\000r\000i\000e}{}% 2
\BOOKMARK [1][-]{section.2.1}{\376\377\000Z\000v\000u\000k}{chapter.2}% 3
\BOOKMARK [1][-]{section.2.2}{\376\377\000H\000l\000a\000s\000\040\000a\000\040\000s\000l\000u\000c\000h}{chapter.2}% 4
\BOOKMARK [1][-]{section.2.3}{\376\377\000Z\000\341\000z\000n\000a\000m\000\040\000z\000v\000u\000k\000u\000\040\000a\000\040\000i\000n\000t\000e\000r\000p\000r\000e\000t\000a\000c\000e}{chapter.2}% 5
\BOOKMARK [1][-]{section.2.4}{\376\377\000M\000i\000k\000r\000o\000f\000o\000n\000n\000\355\000\040\000p\000o\000l\000e}{chapter.2}% 6
\BOOKMARK [1][-]{section.2.5}{\376\377\000F\000i\000l\000t\000r\000a\000c\000e\000\040\000z\000v\000u\000k\000u}{chapter.2}% 7
\BOOKMARK [1][-]{section.2.6}{\376\377\000E\000n\000e\000r\000g\000i\000e\000\040\000a\000\040\000s\000\355\000l\000a\000\040\000s\000i\000g\000n\000\341\000l\000u}{chapter.2}% 8
\BOOKMARK [1][-]{section.2.7}{\376\377\000K\000o\000r\000e\000l\000a\000c\000e\000\040\000s\000i\000g\000n\000\341\000l\001\157}{chapter.2}% 9
\BOOKMARK [1][-]{section.2.8}{\376\377\000H\000y\000p\000e\000r\000b\000o\000l\000a}{chapter.2}% 10
\BOOKMARK [0][-]{chapter.3}{\376\377\000M\000e\000t\000o\000d\000y\000\040\000v\000y\000u\001\176\000i\000t\000e\000l\000n\000\351\000\040\000p\000r\000o\000\040\000u\000r\001\015\000e\000n\000\355\000\040\000p\000o\000z\000i\000c\000e\000\040\000z\000d\000r\000o\000j\000e\000\040\000z\000v\000u\000k\000u}{}% 11
\BOOKMARK [1][-]{section.3.1}{\376\377\000M\000e\000t\000o\000d\000a\000\040\000t\000v\000a\000r\000o\000v\000\341\000n\000\355\000\040\000p\001\131\000i\000j\000\355\000m\000a\000c\000\355\000\040\000c\000h\000a\000r\000a\000k\000t\000e\000r\000i\000s\000t\000i\000k\000y}{chapter.3}% 12
\BOOKMARK [1][-]{section.3.2}{\376\377\000M\000e\000t\000o\000d\000a\000\040\001\015\000a\000s\000o\000v\000\351\000h\000o\000\040\000z\000p\000o\001\176\000d\001\033\000n\000\355\000\040\000T\000D\000O\000A}{chapter.3}% 13
\BOOKMARK [2][-]{subsection.3.2.1}{\376\377\000V\000y\000u\001\176\000i\000t\000\355\000\040\000T\000D\000O\000A\000\040\000p\000r\000o\000\040\000v\000\375\000p\000o\001\015\000e\000t\000\040\000\372\000h\000l\001\157}{section.3.2}% 14
\BOOKMARK [2][-]{subsection.3.2.2}{\376\377\000V\000y\000u\001\176\000i\000t\000\355\000\040\000T\000D\000O\000A\000\040\000a\000\040\000h\000y\000p\000e\000r\000b\000o\000l\000\040\000p\000r\000o\000\040\000v\000\375\000p\000o\001\015\000e\000t\000\040\000s\000o\000u\001\131\000a\000d\000n\000i\000c\000\040\000p\000o\000l\000o\000h\000y}{section.3.2}% 15
\BOOKMARK [0][-]{chapter.4}{\376\377\000N\000\341\000v\000r\000h\000\040\001\131\000e\001\141\000e\000n\000\355\000\040\000d\000e\000t\000e\000k\000c\000e\000\040\000p\000o\000z\000i\000c\000e\000\040\000z\000d\000r\000o\000j\000e\000\040\000z\000v\000u\000k\000u}{}% 16
\BOOKMARK [1][-]{section.4.1}{\376\377\000H\000a\000r\000d\000w\000a\000r\000e}{chapter.4}% 17
\BOOKMARK [2][-]{subsection.4.1.1}{\376\377\000M\000i\000k\000r\000o\000f\000o\000n\000y\000\040\000a\000\040\000m\000i\000k\000r\000o\000f\000o\000n\000n\000\355\000\040\000p\000o\000l\000e}{section.4.1}% 18
\BOOKMARK [2][-]{subsection.4.1.2}{\376\377\000S\000e\000s\000t\000a\000v\000a\000\040\000A\000R\000M\000/\000S\000H\000A\000R\000C}{section.4.1}% 19
\BOOKMARK [2][-]{subsection.4.1.3}{\376\377\000L\000a\000p\000t\000o\000p}{section.4.1}% 20
\BOOKMARK [1][-]{section.4.2}{\376\377\000I\000m\000p\000l\000e\000m\000e\000n\000t\000a\001\015\000n\000\355\000\040\001\131\000e\001\141\000e\000n\000\355\000\040\000b\000e\000z\000\040\000d\001\157\000r\000a\000z\000u\000\040\000n\000a\000\040\000o\000p\000t\000i\000m\000a\000l\000i\000z\000a\000c\000i}{chapter.4}% 21
\BOOKMARK [1][-]{section.4.3}{\376\377\000\332\000p\000r\000a\000v\000a\000\040\000i\000m\000p\000l\000e\000m\000e\000n\000t\000a\000c\000e\000\040\000p\000r\000o\000\040\000z\000v\000u\000k\000o\000v\000o\000u\000\040\000k\000a\000r\000t\000u}{chapter.4}% 22
\BOOKMARK [0][-]{chapter.5}{\376\377\000T\000e\000s\000t\000o\000v\000\341\000n\000\355\000\040\000k\000o\000m\000p\000o\000n\000e\000n\000t\000\040\000p\000r\000o\000g\000r\000a\000m\000u}{}% 23
\BOOKMARK [1][-]{section.5.1}{\376\377\000T\000e\000s\000t\000\040\000v\000\375\000p\000o\001\015\000t\000u\000\040\000e\000n\000e\000r\000g\000i\000e}{chapter.5}% 24
\BOOKMARK [1][-]{section.5.2}{\376\377\000T\000e\000s\000t\000\040\000v\000\375\000p\000o\001\015\000t\000u\000\040\000p\000o\000l\000o\000h\000y\000\040\000a\000n\000a\000l\000y\000t\000i\000c\000k\000\375\000m\000\040\001\131\000e\001\141\000e\000n\000\355\000m}{chapter.5}% 25
\BOOKMARK [1][-]{section.5.3}{\376\377\000T\000e\000s\000t\000\040\000f\000i\000l\000t\000r\000o\000v\000\341\000n\000\355}{chapter.5}% 26
\BOOKMARK [1][-]{section.5.4}{\376\377\000T\000e\000s\000t\000\040\000k\000o\000r\000e\000l\000a\001\015\000n\000\355\000c\000h\000\040\000m\000e\000t\000o\000d}{chapter.5}% 27
\BOOKMARK [0][-]{chapter.6}{\376\377\000E\000x\000p\000e\000r\000i\000m\000e\000n\000t\000\341\000l\000n\000\355\000\040\000v\000\375\000p\000o\001\015\000t\000y\000\040\000n\000a\000\040\000r\000e\000\341\000l\000n\000\375\000c\000h\000\040\000d\000a\000t\000e\000c\000h}{}% 28
\BOOKMARK [1][-]{section.6.1}{\376\377\000N\000a\000h\000r\000\341\000v\000\341\000n\000\355\000\040\000v\000\040\000n\000e\000z\000a\000t\000l\000u\000m\000e\000n\000\351\000\040\000m\000\355\000s\000t\000n\000o\000s\000t\000i}{chapter.6}% 29
\BOOKMARK [1][-]{section.6.2}{\376\377\000V\000l\000i\000v\000y\000\040\000n\000a\000\040\000p\001\131\000e\000s\000n\000o\000s\000t\000\040\000k\000o\000r\000e\000l\000a\000c\000e\000\040\000a\000\040\000c\000e\000l\000k\000o\000v\000\351\000h\000o\000\040\000v\000\375\000p\000o\001\015\000t\000u}{chapter.6}% 30
\BOOKMARK [2][-]{subsection.6.2.1}{\376\377\000O\000z\000v\001\033\000n\000a}{section.6.2}% 31
\BOOKMARK [2][-]{subsection.6.2.2}{\376\377\000P\000r\000o\000s\000t\000o\000r\000o\000v\000\375\000\040\000a\000l\000i\000a\000s\000i\000n\000g}{section.6.2}% 32
\BOOKMARK [2][-]{subsection.6.2.3}{\376\377\000D\000\351\000l\000k\000a\000\040\000k\000o\000r\000e\000l\000o\000v\000a\000n\000\375\000c\000h\000\040\000s\000i\000g\000n\000\341\000l\001\157}{section.6.2}% 33
\BOOKMARK [2][-]{subsection.6.2.4}{\376\377\000N\000e\000p\001\131\000e\000s\000n\000\341\000\040\000p\000o\000l\000o\000h\000a\000\040\000z\000d\000r\000o\000j\000e\000\040\000z\000v\000u\000k\000u\000\040\000v\001\157\001\015\000i\000\040\000m\000i\000k\000r\000o\000f\000o\000n\000n\000\355\000m\000u\000\040\000p\000o\000l\000i}{section.6.2}% 34
\BOOKMARK [2][-]{subsection.6.2.5}{\376\377\000N\000e\000p\001\131\000e\000s\000n\000\341\000\040\000r\000y\000c\000h\000l\000o\000s\000t\000\040\000z\000v\000u\000k\000u\000\040\000v\000\040\000a\000k\000t\000u\000\341\000l\000n\000\355\000c\000h\000\040\000p\000o\000d\000m\000\355\000n\000k\000\341\000c\000h}{section.6.2}% 35
\BOOKMARK [2][-]{subsection.6.2.6}{\376\377\000S\000l\000a\000b\000\351\000\040\000a\000\040\000n\000e\000d\000o\000s\000t\000a\000t\000e\001\015\000n\001\033\000\040\000k\000v\000a\000l\000i\000t\000n\000\355\000\040\000m\000i\000k\000r\000o\000f\000o\000n\000y}{section.6.2}% 36
\BOOKMARK [2][-]{subsection.6.2.7}{\376\377\000N\000e\000p\001\131\000e\000s\000n\000\351\000\040\000u\000m\000\355\000s\000t\001\033\000n\000\355\000\040\000m\000i\000k\000r\000o\000f\000o\000n\001\157\000\040\000v\000\040\000m\000i\000k\000r\000o\000f\000o\000n\000n\000\355\000m\000\040\000p\000o\000l\000i}{section.6.2}% 37
\BOOKMARK [1][-]{section.6.3}{\376\377\000P\000o\000r\000o\000v\000n\000\341\000n\000\355\000\040\000v\000\375\000s\000l\000e\000d\000k\001\157\000\040\000s\000i\000m\000u\000l\000t\000\341\000n\000n\000\355\000h\000o\000\040\000v\000y\000h\000o\000d\000n\000o\000c\000o\000v\000\341\000n\000\355\000\040\000p\000o\000l\000o\000h\000y}{chapter.6}% 38
\BOOKMARK [0][-]{chapter.7}{\376\377\000Z\000\341\000v\001\033\000r}{}% 39
\BOOKMARK [1][-]{section.7.1}{\376\377\000M\000o\001\176\000n\000o\000s\000t\000i\000\040\000b\000u\000d\000o\000u\000c\000\355\000\040\000p\000r\000\341\000c\000e\000\040\000a\000\040\000v\000y\000l\000e\000p\001\141\000e\000n\000\355}{chapter.7}% 40
\BOOKMARK [0][-]{appendix.A}{\376\377\000P\000l\000a\000k\000\341\000t}{}% 41
